<?xml version="1.0" encoding="UTF-8"?>
<!-- Generated by org.testng.reporters.JUnitReportReporter -->
<testsuite hostname="DESKTOP-FHVJCI1" failures="0" tests="4" name="com.dru.qa.registration.testcases.TestClassTwo" time="0.028" errors="0" timestamp="2023-12-28T12:07:21 IST" skipped="0">
  <testcase classname="com.dru.qa.registration.testcases.TestClassTwo" name="testMethodFive" time="0.002"/>
  <testcase classname="com.dru.qa.registration.testcases.TestClassTwo" name="testMethodSix" time="0.003"/>
  <testcase classname="com.dru.qa.registration.testcases.TestClassTwo" name="testMethodEight" time="0.011"/>
  <testcase classname="com.dru.qa.registration.testcases.TestClassTwo" name="testMethodSeven" time="0.012"/>
</testsuite> <!-- com.dru.qa.registration.testcases.TestClassTwo -->
