<?xml version="1.0" encoding="UTF-8"?>
<!-- Generated by org.testng.reporters.JUnitReportReporter -->
<testsuite hostname="DESKTOP-FHVJCI1" failures="0" tests="2" name="com.dru.qa.registration.testcases.TestClassThree" time="0.011" errors="0" timestamp="2023-12-28T12:07:20 IST" skipped="0">
  <testcase classname="com.dru.qa.registration.testcases.TestClassThree" name="testMethodNine" time="0.008"/>
  <testcase classname="com.dru.qa.registration.testcases.TestClassThree" name="testMethodTen" time="0.003"/>
</testsuite> <!-- com.dru.qa.registration.testcases.TestClassThree -->
