<?xml version="1.0" encoding="UTF-8"?>
<!-- Generated by org.testng.reporters.JUnitReportReporter -->
<testsuite hostname="DESKTOP-FHVJCI1" failures="0" tests="4" name="com.dru.qa.registration.testcases.TestClassOne" time="0.029" errors="0" timestamp="2023-12-28T12:07:20 IST" skipped="0">
  <testcase classname="com.dru.qa.registration.testcases.TestClassOne" name="testMethodTwo" time="0.005"/>
  <testcase classname="com.dru.qa.registration.testcases.TestClassOne" name="testMethodFour" time="0.011"/>
  <testcase classname="com.dru.qa.registration.testcases.TestClassOne" name="testMethodThree" time="0.006"/>
  <testcase classname="com.dru.qa.registration.testcases.TestClassOne" name="testMethodOne" time="0.007"/>
</testsuite> <!-- com.dru.qa.registration.testcases.TestClassOne -->
