<?xml version="1.0" encoding="UTF-8"?>
<!-- Generated by org.testng.reporters.JUnitReportReporter -->
<testsuite hostname="DESKTOP-FHVJCI1" failures="0" tests="3" name="com.dru.qa.registration.testcases.LoginTest" time="28.020" errors="0" timestamp="2023-12-28T17:24:49 IST" skipped="0">
  <testcase classname="com.dru.qa.registration.testcases.LoginTest" name="validateTitle" time="9.766"/>
  <testcase classname="com.dru.qa.registration.testcases.LoginTest" name="validateLoginPage" time="8.277"/>
  <testcase classname="com.dru.qa.registration.testcases.LoginTest" name="loginToCredentials" time="9.977"/>
</testsuite> <!-- com.dru.qa.registration.testcases.LoginTest -->
