<?xml version="1.0" encoding="UTF-8"?>
<!-- Generated by org.testng.reporters.JUnitReportReporter -->
<testsuite hostname="DESKTOP-FHVJCI1" failures="0" tests="1" name="com.dru.qa.registration.testcases.hyrpractise" time="0.012" errors="0" timestamp="2023-12-26T16:26:01 IST" skipped="0">
  <testcase classname="com.dru.qa.registration.testcases.hyrpractise" name="login" time="0.012"/>
</testsuite> <!-- com.dru.qa.registration.testcases.hyrpractise -->
